#
# There is insufficient memory for the Java Runtime Environment to continue.
# Native memory allocation (mmap) failed to map 132120576 bytes. Error detail: G1 virtual space
# Possible reasons:
#   The system is out of physical RAM or swap space
#   This process is running with CompressedOops enabled, and the Java Heap may be blocking the growth of the native heap
# Possible solutions:
#   Reduce memory load on the system
#   Increase physical memory or swap space
#   Check if swap backing store is full
#   Decrease Java heap size (-Xmx/-Xms)
#   Decrease number of Java threads
#   Decrease Java thread stack sizes (-Xss)
#   Set larger code cache with -XX:ReservedCodeCacheSize=
#   JVM is running with Unscaled Compressed Oops mode in which the Java heap is
#     placed in the first 4GB address space. The Java Heap base address is the
#     maximum limit for the native heap growth. Please use -XX:HeapBaseMinAddress
#     to set the Java Heap base and to place the Java Heap above 4GB virtual address.
# This output file may be truncated or incomplete.
#
#  Out of Memory Error (os_windows.cpp:3631), pid=21196, tid=928
#
# JRE version:  (22.0.1+8) (build )
# Java VM: Java HotSpot(TM) 64-Bit Server VM (22.0.1+8-16, mixed mode, sharing, tiered, compressed oops, compressed class ptrs, g1 gc, windows-amd64)
# No core dump will be written. Minidumps are not enabled by default on client versions of Windows
#

---------------  S U M M A R Y ------------

Command Line: -Dfile.encoding=UTF-8 -Dstdout.encoding=UTF-8 -Dstderr.encoding=UTF-8 -XX:+ShowCodeDetailsInExceptionMessages com.ravisir.encapsulation.EmployeeDemo1

Host: Intel(R) Core(TM) i3-10110U CPU @ 2.10GHz, 4 cores, 7G,  Windows 11 , 64 bit Build 22621 (10.0.22621.3646)
Time: Tue Oct  1 02:12:48 2024 India Standard Time elapsed time: 0.044697 seconds (0d 0h 0m 0s)

---------------  T H R E A D  ---------------

Current thread (0x000001e32c2d9570):  JavaThread "Unknown thread" [_thread_in_vm, id=928, stack(0x00000017a6800000,0x00000017a6900000) (1024K)]

Stack: [0x00000017a6800000,0x00000017a6900000]
Native frames: (J=compiled Java code, j=interpreted, Vv=VM code, C=native code)
V  [jvm.dll+0x6e2279]  (no source info available)
V  [jvm.dll+0x874e33]  (no source info available)
V  [jvm.dll+0x87725e]  (no source info available)
V  [jvm.dll+0x877933]  (no source info available)
V  [jvm.dll+0x27fd76]  (no source info available)
V  [jvm.dll+0x6de915]  (no source info available)
V  [jvm.dll+0x6d341a]  (no source info available)
V  [jvm.dll+0x3589da]  (no source info available)
V  [jvm.dll+0x360f06]  (no source info available)
V  [jvm.dll+0x3b3e2e]  (no source info available)
V  [jvm.dll+0x3b40d8]  (no source info available)
V  [jvm.dll+0x32c59c]  (no source info available)
V  [jvm.dll+0x32d158]  (no source info available)
V  [jvm.dll+0x83ccdc]  (no source info available)
V  [jvm.dll+0x3c0d71]  (no source info available)
V  [jvm.dll+0x825ccc]  (no source info available)
V  [jvm.dll+0x45b8fe]  (no source info available)
V  [jvm.dll+0x45d781]  (no source info available)
C  [jli.dll+0x52a3]  (no source info available)
C  [ucrtbase.dll+0x29333]  (no source info available)
C  [KERNEL32.DLL+0x1257d]  (no source info available)
C  [ntdll.dll+0x5aa48]  (no source info available)


---------------  P R O C E S S  ---------------

Threads class SMR info:
_java_thread_list=0x00007ffdece8b1c8, length=0, elements={
}

Java Threads: ( => current thread )
Total: 0

Other Threads:
  0x000001e32c52cd30 WorkerThread "GC Thread#0"                     [id=6516, stack(0x00000017a6900000,0x00000017a6a00000) (1024K)]
  0x000001e32c53f080 ConcurrentGCThread "G1 Main Marker"            [id=18956, stack(0x00000017a6a00000,0x00000017a6b00000) (1024K)]
  0x000001e32c53fa90 WorkerThread "G1 Conc#0"                       [id=16988, stack(0x00000017a6b00000,0x00000017a6c00000) (1024K)]

[error occurred during error reporting (printing all threads), id 0xc0000005, EXCEPTION_ACCESS_VIOLATION (0xc0000005) at pc=0x00007ffdec5df367]
VM state: not at safepoint (not fully initialized)

VM Mutex/Monitor currently owned by a thread:  ([mutex/lock_event])
[0x00007ffdecf0bcb8] Heap_lock - owner thread: 0x000001e32c2d9570

Heap address: 0x0000000082800000, size: 2008 MB, Compressed Oops mode: 32-bit

CDS archive(s) mapped at: [0x0000000000000000-0x0000000000000000-0x0000000000000000), size 0, SharedBaseAddress: 0x0000000800000000, ArchiveRelocationMode: 1.
Narrow klass base: 0x0000000000000000, Narrow klass shift: 0, Narrow klass range: 0x0

GC Precious Log:
 CardTable entry size: 512
 Card Set container configuration: InlinePtr #cards 5 size 8 Array Of Cards #cards 12 size 40 Howl #buckets 4 coarsen threshold 1843 Howl Bitmap #cards 512 size 80 coarsen threshold 460 Card regions per heap region 1 cards per card region 2048

Heap:
 garbage-first heap   total reserved 2056192K, committed 0K, used 0K [0x0000000082800000, 0x0000000100000000)
  region size 1024K, 0 young (0K), 0 survivors (0K)

[error occurred during error reporting (printing heap information), id 0xc0000005, EXCEPTION_ACCESS_VIOLATION (0xc0000005) at pc=0x00007ffdec9de429]
GC Heap History (0 events):
No events

Dll operation events (1 events):
Event: 0.024 Loaded shared library C:\Program Files\Java\jdk-22\bin\java.dll

Deoptimization events (0 events):
No events

Classes loaded (0 events):
No events

Classes unloaded (0 events):
No events

Classes redefined (0 events):
No events

Internal exceptions (0 events):
No events

ZGC Phase Switch (0 events):
No events

VM Operations (0 events):
No events

Events (0 events):
No events


Dynamic libraries:
0x00007ff60e570000 - 0x00007ff60e580000 	C:\Program Files\Java\jdk-22\bin\javaw.exe
0x00007ffe3d1f0000 - 0x00007ffe3d407000 	C:\Windows\SYSTEM32\ntdll.dll
0x00007ffe3c3e0000 - 0x00007ffe3c4a4000 	C:\Windows\System32\KERNEL32.DLL
0x00007ffe3a5e0000 - 0x00007ffe3a98d000 	C:\Windows\System32\KERNELBASE.dll
0x00007ffe3aa30000 - 0x00007ffe3ab41000 	C:\Windows\System32\ucrtbase.dll
0x00007ffe2bb90000 - 0x00007ffe2bba7000 	C:\Program Files\Java\jdk-22\bin\jli.dll
0x00007ffe3c740000 - 0x00007ffe3c7f2000 	C:\Windows\System32\ADVAPI32.dll
0x00007ffe3cb40000 - 0x00007ffe3cbe7000 	C:\Windows\System32\msvcrt.dll
0x00007ffe2bbe0000 - 0x00007ffe2bbfb000 	C:\Program Files\Java\jdk-22\bin\VCRUNTIME140.dll
0x00007ffe3bad0000 - 0x00007ffe3bb78000 	C:\Windows\System32\sechost.dll
0x00007ffe3af00000 - 0x00007ffe3af28000 	C:\Windows\System32\bcrypt.dll
0x00007ffe3bd60000 - 0x00007ffe3be75000 	C:\Windows\System32\RPCRT4.dll
0x00007ffe3cbf0000 - 0x00007ffe3cd9e000 	C:\Windows\System32\USER32.dll
0x00007ffe3aa00000 - 0x00007ffe3aa26000 	C:\Windows\System32\win32u.dll
0x00007ffe3baa0000 - 0x00007ffe3bac9000 	C:\Windows\System32\GDI32.dll
0x00007ffe3ab50000 - 0x00007ffe3ac69000 	C:\Windows\System32\gdi32full.dll
0x00007ffe3ae60000 - 0x00007ffe3aefa000 	C:\Windows\System32\msvcp_win.dll
0x00007ffe27430000 - 0x00007ffe276c3000 	C:\Windows\WinSxS\amd64_microsoft.windows.common-controls_6595b64144ccf1df_6.0.22621.3646_none_27105dd3738543d4\COMCTL32.dll
0x00007ffe27be0000 - 0x00007ffe27bea000 	C:\Windows\SYSTEM32\VERSION.dll
0x00007ffe3cae0000 - 0x00007ffe3cb11000 	C:\Windows\System32\IMM32.DLL
0x00007ffe375f0000 - 0x00007ffe375fc000 	C:\Program Files\Java\jdk-22\bin\vcruntime140_1.dll
0x00007ffe28b70000 - 0x00007ffe28bfe000 	C:\Program Files\Java\jdk-22\bin\msvcp140.dll
0x00007ffdec2a0000 - 0x00007ffdecfe7000 	C:\Program Files\Java\jdk-22\bin\server\jvm.dll
0x00007ffe3bcd0000 - 0x00007ffe3bd41000 	C:\Windows\System32\WS2_32.dll
0x00007ffe3a3e0000 - 0x00007ffe3a42d000 	C:\Windows\SYSTEM32\POWRPROF.dll
0x00007ffe31d10000 - 0x00007ffe31d44000 	C:\Windows\SYSTEM32\WINMM.dll
0x00007ffe3a3c0000 - 0x00007ffe3a3d3000 	C:\Windows\SYSTEM32\UMPDC.dll
0x00007ffe39550000 - 0x00007ffe39568000 	C:\Windows\SYSTEM32\kernel.appcore.dll
0x00007ffe35a60000 - 0x00007ffe35a6a000 	C:\Program Files\Java\jdk-22\bin\jimage.dll
0x00007ffe30d60000 - 0x00007ffe30f92000 	C:\Windows\SYSTEM32\DBGHELP.DLL
0x00007ffe3cda0000 - 0x00007ffe3d128000 	C:\Windows\System32\combase.dll
0x00007ffe3be80000 - 0x00007ffe3bf57000 	C:\Windows\System32\OLEAUT32.dll
0x00007ffe0cd20000 - 0x00007ffe0cd52000 	C:\Windows\SYSTEM32\dbgcore.DLL
0x00007ffe3ade0000 - 0x00007ffe3ae5b000 	C:\Windows\System32\bcryptPrimitives.dll
0x00007ffe2b8d0000 - 0x00007ffe2b8ee000 	C:\Program Files\Java\jdk-22\bin\java.dll
0x00007ffe3af90000 - 0x00007ffe3b7ed000 	C:\Windows\System32\SHELL32.dll
0x00007ffe3c830000 - 0x00007ffe3c9d5000 	C:\Windows\System32\ole32.dll

dbghelp: loaded successfully - version: 4.0.5 - missing functions: none
symbol engine: initialized successfully - sym options: 0x614 - pdb path: .;C:\Program Files\Java\jdk-22\bin;C:\Windows\SYSTEM32;C:\Windows\WinSxS\amd64_microsoft.windows.common-controls_6595b64144ccf1df_6.0.22621.3646_none_27105dd3738543d4;C:\Program Files\Java\jdk-22\bin\server

VM Arguments:
jvm_args: -Dfile.encoding=UTF-8 -Dstdout.encoding=UTF-8 -Dstderr.encoding=UTF-8 -XX:+ShowCodeDetailsInExceptionMessages 
java_command: com.ravisir.encapsulation.EmployeeDemo1
java_class_path (initial): C:\Users\pandi\eclipse-workspace\RaviSir\bin
Launcher Type: SUN_STANDARD

[Global flags]
     intx CICompilerCount                          = 3                                         {product} {ergonomic}
     uint ConcGCThreads                            = 1                                         {product} {ergonomic}
     uint G1ConcRefinementThreads                  = 4                                         {product} {ergonomic}
   size_t G1HeapRegionSize                         = 1048576                                   {product} {ergonomic}
   size_t InitialHeapSize                          = 132120576                                 {product} {ergonomic}
   size_t MarkStackSize                            = 4194304                                   {product} {ergonomic}
   size_t MaxHeapSize                              = 2105540608                                {product} {ergonomic}
   size_t MinHeapDeltaBytes                        = 1048576                                   {product} {ergonomic}
   size_t MinHeapSize                              = 8388608                                   {product} {ergonomic}
    uintx NonNMethodCodeHeapSize                   = 5832780                                {pd product} {ergonomic}
    uintx NonProfiledCodeHeapSize                  = 122912730                              {pd product} {ergonomic}
    uintx ProfiledCodeHeapSize                     = 122912730                              {pd product} {ergonomic}
    uintx ReservedCodeCacheSize                    = 251658240                              {pd product} {ergonomic}
     bool SegmentedCodeCache                       = true                                      {product} {ergonomic}
     bool ShowCodeDetailsInExceptionMessages       = true                                   {manageable} {command line}
   size_t SoftMaxHeapSize                          = 2105540608                             {manageable} {ergonomic}
     bool UseCompressedOops                        = true                           {product lp64_product} {ergonomic}
     bool UseG1GC                                  = true                                      {product} {ergonomic}
     bool UseLargePagesIndividualAllocation        = false                                  {pd product} {ergonomic}

Logging:
Log output configuration:
 #0: stdout all=warning uptime,level,tags foldmultilines=false
 #1: stderr all=off uptime,level,tags foldmultilines=false

Environment Variables:
PATH=C:\WINDOWS.X64_193000_db_home\bin;C:\db_home\bin;C:\Program Files\Common Files\Oracle\Java\javapath;C:\Windows\system32;C:\Windows;C:\Windows\System32\Wbem;C:\Windows\System32\WindowsPowerShell\v1.0\;C:\Windows\System32\OpenSSH\;C:\ProgramData\chocolatey\bin;C:\Program Files\nodejs\;C:\Users\pandi\AppData\Local\Microsoft\WindowsApps;C:\Users\pandi\AppData\Local\Programs\Microsoft VS Code\bin;C:\msys64\ucrt64\bin;C:\Program Files\Java\jdk-22\bin;C:\nodejs\node_modules\npm\bin;C:\Users\pandi\AppData\Roaming\npm;C:\Program Files\JetBrains\IntelliJ IDEA 2024.1.4\bin;;C:\Program Files\JetBrains\IntelliJ IDEA Community Edition 2024.1.4\bin;
USERNAME=pandi
OS=Windows_NT
PROCESSOR_IDENTIFIER=Intel64 Family 6 Model 142 Stepping 12, GenuineIntel
TMP=C:\Users\pandi\AppData\Local\Temp
TEMP=C:\Users\pandi\AppData\Local\Temp




Periodic native trim disabled

---------------  S Y S T E M  ---------------

OS:
 Windows 11 , 64 bit Build 22621 (10.0.22621.3646)
OS uptime: 23 days 10:30 hours

CPU: total 4 (initial active 4) (2 cores per cpu, 2 threads per core) family 6 model 142 stepping 12 microcode 0xf4, cx8, cmov, fxsr, ht, mmx, 3dnowpref, sse, sse2, sse3, ssse3, sse4.1, sse4.2, popcnt, lzcnt, tsc, tscinvbit, avx, avx2, aes, erms, clmul, bmi1, bmi2, adx, fma, vzeroupper, clflush, clflushopt, rdtscp, f16c
Processor Information for processor 0
  Max Mhz: 2592, Current Mhz: 2093, Mhz Limit: 2073
Processor Information for processor 1
  Max Mhz: 2592, Current Mhz: 1495, Mhz Limit: 2073
Processor Information for processor 2
  Max Mhz: 2592, Current Mhz: 1495, Mhz Limit: 2073
Processor Information for processor 3
  Max Mhz: 2592, Current Mhz: 2093, Mhz Limit: 2073

Memory: 4k page, system-wide physical 8026M (456M free)
TotalPageFile size 25891M (AvailPageFile size 120M)
current process WorkingSet (physical memory assigned to process): 12M, peak: 12M
current process commit charge ("private bytes"): 52M, peak: 178M

vm_info: Java HotSpot(TM) 64-Bit Server VM (22.0.1+8-16) for windows-amd64 JRE (22.0.1+8-16), built on 2024-03-12T10:33:16Z by "mach5one" with MS VC++ 17.6 (VS2022)

END.
